This file contains any messages produced by compilers while
running configure, to aid debugging if configure makes a mistake.

It was created by configure, which was
generated by GNU Autoconf 2.69.  Invocation command line was

  $ ./configure --with-php-config=/opt/php-debug/bin/php-config

## --------- ##
## Platform. ##
## --------- ##

hostname = kentchentekiiMac-23868.local
uname -m = x86_64
uname -r = 13.4.0
uname -s = Darwin
uname -v = Darwin Kernel Version 13.4.0: Sun Aug 17 19:50:11 PDT 2014; root:xnu-2422.115.4~1/RELEASE_X86_64

/usr/bin/uname -p = i386
/bin/uname -X     = unknown

/bin/arch              = unknown
/usr/bin/arch -k       = unknown
/usr/convex/getsysinfo = unknown
/usr/bin/hostinfo      = Mach kernel version:
	 Darwin Kernel Version 13.4.0: Sun Aug 17 19:50:11 PDT 2014; root:xnu-2422.115.4~1/RELEASE_X86_64
Kernel configured for up to 4 processors.
4 processors are physically available.
4 processors are logically available.
Processor type: i486 (Intel 80486)
Processors active: 0 1 2 3
Primary memory available: 8.00 gigabytes
Default processor set: 200 tasks, 993 threads, 4 processors
Load average: 1.23, Mach factor: 2.76
/bin/machine           = unknown
/usr/bin/oslevel       = unknown
/bin/universe          = unknown

PATH: /usr/local/opt/php55/bin
PATH: /usr/local/go/bin
PATH: /Users/kentchen/golang/bin
PATH: /usr/local/bin
PATH: /usr/local/sbin
PATH: /usr/bin
PATH: /bin
PATH: /usr/sbin
PATH: /sbin
PATH: /usr/local/bin
PATH: /opt/X11/bin
PATH: /usr/local/go/bin
PATH: /Users/kentchen/Documents/Android_SDK/platform-tools
PATH: /Users/kentchen/Documents/Android_SDK/tools
PATH: /Users/kentchen/Documents/Android_NDK
PATH: /Users/kentchen/Documents/Soft/Apache/gradle-2.1/bin
PATH: /Users/kentchen/.composer/vendor/bin


## ----------- ##
## Core tests. ##
## ----------- ##

configure:2296: checking for grep that handles long lines and -e
configure:2354: result: /usr/bin/grep
configure:2359: checking for egrep
configure:2421: result: /usr/bin/grep -E
configure:2426: checking for a sed that does not truncate output
configure:2480: result: /usr/bin/sed
configure:2612: checking for cc
configure:2628: found /usr/bin/cc
configure:2639: result: cc
configure:2670: checking for C compiler version
configure:2679: cc --version >&5
Apple LLVM version 6.0 (clang-600.0.56) (based on LLVM 3.5svn)
Target: x86_64-apple-darwin13.4.0
Thread model: posix
configure:2690: $? = 0
configure:2679: cc -v >&5
Apple LLVM version 6.0 (clang-600.0.56) (based on LLVM 3.5svn)
Target: x86_64-apple-darwin13.4.0
Thread model: posix
configure:2690: $? = 0
configure:2679: cc -V >&5
clang: error: argument to '-V' is missing (expected 1 value)
clang: error: no input files
configure:2690: $? = 1
configure:2679: cc -qversion >&5
clang: error: unknown argument: '-qversion'
clang: error: no input files
configure:2690: $? = 1
configure:2710: checking whether the C compiler works
configure:2732: cc    conftest.c  >&5
configure:2736: $? = 0
configure:2784: result: yes
configure:2787: checking for C compiler default output file name
configure:2789: result: a.out
configure:2795: checking for suffix of executables
configure:2802: cc -o conftest    conftest.c  >&5
configure:2806: $? = 0
configure:2828: result: 
configure:2850: checking whether we are cross compiling
configure:2858: cc -o conftest    conftest.c  >&5
configure:2862: $? = 0
configure:2869: ./conftest
configure:2873: $? = 0
configure:2888: result: no
configure:2893: checking for suffix of object files
configure:2915: cc -c   conftest.c >&5
configure:2919: $? = 0
configure:2940: result: o
configure:2944: checking whether we are using the GNU C compiler
configure:2963: cc -c   conftest.c >&5
configure:2963: $? = 0
configure:2972: result: yes
configure:2981: checking whether cc accepts -g
configure:3001: cc -c -g  conftest.c >&5
configure:3001: $? = 0
configure:3042: result: yes
configure:3059: checking for cc option to accept ISO C89
configure:3122: cc  -c -g -O2  conftest.c >&5
configure:3122: $? = 0
configure:3135: result: none needed
configure:3161: checking how to run the C preprocessor
configure:3192: cc -E  conftest.c
configure:3192: $? = 0
configure:3206: cc -E  conftest.c
conftest.c:9:10: fatal error: 'ac_nonexistent.h' file not found
#include <ac_nonexistent.h>
         ^
1 error generated.
configure:3206: $? = 1
configure: failed program was:
| /* confdefs.h */
| #define PACKAGE_NAME ""
| #define PACKAGE_TARNAME ""
| #define PACKAGE_VERSION ""
| #define PACKAGE_STRING ""
| #define PACKAGE_BUGREPORT ""
| #define PACKAGE_URL ""
| /* end confdefs.h.  */
| #include <ac_nonexistent.h>
configure:3231: result: cc -E
configure:3251: cc -E  conftest.c
configure:3251: $? = 0
configure:3265: cc -E  conftest.c
conftest.c:9:10: fatal error: 'ac_nonexistent.h' file not found
#include <ac_nonexistent.h>
         ^
1 error generated.
configure:3265: $? = 1
configure: failed program was:
| /* confdefs.h */
| #define PACKAGE_NAME ""
| #define PACKAGE_TARNAME ""
| #define PACKAGE_VERSION ""
| #define PACKAGE_STRING ""
| #define PACKAGE_BUGREPORT ""
| #define PACKAGE_URL ""
| /* end confdefs.h.  */
| #include <ac_nonexistent.h>
configure:3296: checking for icc
configure:3305: result: no
configure:3319: checking for suncc
configure:3328: result: no
configure:3346: checking whether cc understands -c and -o together
configure:3374: cc -c conftest.c -o conftest2.o >&5
configure:3378: $? = 0
configure:3384: cc -c conftest.c -o conftest2.o >&5
configure:3388: $? = 0
configure:3443: result: yes
configure:3457: checking for system library directory
configure:3472: result: lib
configure:3479: checking if compiler supports -R
configure:3498: cc -o conftest -g -O2   conftest.c -R /usr/lib  >&5
clang: warning: argument unused during compilation: '-R'
ld: can't map file, errno=22 file '/usr/lib' for architecture x86_64
clang: error: linker command failed with exit code 1 (use -v to see invocation)
configure:3498: $? = 1
configure: failed program was:
| /* confdefs.h */
| #define PACKAGE_NAME ""
| #define PACKAGE_TARNAME ""
| #define PACKAGE_VERSION ""
| #define PACKAGE_STRING ""
| #define PACKAGE_BUGREPORT ""
| #define PACKAGE_URL ""
| /* end confdefs.h.  */
| 
| int
| main ()
| {
| 
|   ;
|   return 0;
| }
configure:3508: result: no
configure:3513: checking if compiler supports -Wl,-rpath,
configure:3532: cc -o conftest -g -O2   conftest.c -Wl,-rpath,/usr/lib  >&5
configure:3532: $? = 0
configure:3542: result: yes
configure:3587: checking build system type
configure:3601: result: x86_64-apple-darwin13.4.0
configure:3621: checking host system type
configure:3634: result: x86_64-apple-darwin13.4.0
configure:3654: checking target system type
configure:3667: result: x86_64-apple-darwin13.4.0
configure:3770: checking for PHP prefix
configure:3772: result: /opt/php-debug
configure:3774: checking for PHP includes
configure:3776: result: -I/opt/php-debug/include/php -I/opt/php-debug/include/php/main -I/opt/php-debug/include/php/TSRM -I/opt/php-debug/include/php/Zend -I/opt/php-debug/include/php/ext -I/opt/php-debug/include/php/ext/date/lib
configure:3778: checking for PHP extension directory
configure:3780: result: /opt/php-debug/lib/php/extensions/debug-non-zts-20121212
configure:3782: checking for PHP installed headers prefix
configure:3784: result: /opt/php-debug/include/php
configure:3787: checking if debug is enabled
configure:3813: result: yes
configure:3816: checking if zts is enabled
configure:3842: result: yes
configure:3913: checking for re2c
configure:3943: result: no
configure:3968: WARNING: You will need re2c 0.13.4 or later if you want to regenerate PHP parsers.
configure:3982: checking for gawk
configure:4013: result: no
configure:3982: checking for nawk
configure:4013: result: no
configure:3982: checking for awk
configure:3999: found /usr/bin/awk
configure:4010: result: awk
configure:4033: checking if awk is broken
configure:4040: result: no
configure:4053: checking for libs support
configure:4093: result: yes, shared
configure:4102: checking whether to enable libs support
configure:4141: result: yes, shared
configure:4153: checking for libs files in default path
configure:4158: result: found in /usr
configure:4304: checking for curl_version in -lcurl
configure:4329: cc -o conftest -g  -O0   -lm conftest.c -lcurl   >&5
configure:4329: $? = 0
configure:4339: result: yes
configure:4852: checking for ld used by cc
configure:4919: result: /Applications/Xcode.app/Contents/Developer/Toolchains/XcodeDefault.xctoolchain/usr/bin/ld
configure:4926: checking if the linker (/Applications/Xcode.app/Contents/Developer/Toolchains/XcodeDefault.xctoolchain/usr/bin/ld) is GNU ld
configure:4941: result: no
configure:4946: checking for /Applications/Xcode.app/Contents/Developer/Toolchains/XcodeDefault.xctoolchain/usr/bin/ld option to reload object files
configure:4953: result: -r
configure:4971: checking for BSD-compatible nm
configure:5020: result: /usr/bin/nm
configure:5024: checking whether ln -s works
configure:5028: result: yes
configure:5035: checking how to recognize dependent libraries
configure:5221: result: pass_all
configure:5439: checking for ANSI C header files
configure:5459: cc -c -g  -O0  conftest.c >&5
configure:5459: $? = 0
configure:5532: cc -o conftest -g  -O0   conftest.c  >&5
configure:5532: $? = 0
configure:5532: ./conftest
configure:5532: $? = 0
configure:5543: result: yes
configure:5556: checking for sys/types.h
configure:5556: cc -c -g  -O0  conftest.c >&5
configure:5556: $? = 0
configure:5556: result: yes
configure:5556: checking for sys/stat.h
configure:5556: cc -c -g  -O0  conftest.c >&5
configure:5556: $? = 0
configure:5556: result: yes
configure:5556: checking for stdlib.h
configure:5556: cc -c -g  -O0  conftest.c >&5
configure:5556: $? = 0
configure:5556: result: yes
configure:5556: checking for string.h
configure:5556: cc -c -g  -O0  conftest.c >&5
configure:5556: $? = 0
configure:5556: result: yes
configure:5556: checking for memory.h
configure:5556: cc -c -g  -O0  conftest.c >&5
configure:5556: $? = 0
configure:5556: result: yes
configure:5556: checking for strings.h
configure:5556: cc -c -g  -O0  conftest.c >&5
configure:5556: $? = 0
configure:5556: result: yes
configure:5556: checking for inttypes.h
configure:5556: cc -c -g  -O0  conftest.c >&5
configure:5556: $? = 0
configure:5556: result: yes
configure:5556: checking for stdint.h
configure:5556: cc -c -g  -O0  conftest.c >&5
configure:5556: $? = 0
configure:5556: result: yes
configure:5556: checking for unistd.h
configure:5556: cc -c -g  -O0  conftest.c >&5
configure:5556: $? = 0
configure:5556: result: yes
configure:5570: checking dlfcn.h usability
configure:5570: cc -c -g  -O0  conftest.c >&5
configure:5570: $? = 0
configure:5570: result: yes
configure:5570: checking dlfcn.h presence
configure:5570: cc -E  conftest.c
configure:5570: $? = 0
configure:5570: result: yes
configure:5570: checking for dlfcn.h
configure:5570: result: yes
configure:5592: checking the maximum length of command line arguments
configure:5704: result: 196608
configure:5716: checking command to parse /usr/bin/nm output from cc object
configure:5821: cc -c -g  -O0  conftest.c >&5
configure:5824: $? = 0
configure:5828: /usr/bin/nm conftest.o \| sed -n -e 's/^.*[ 	]\([BCDEGRST][BCDEGRST]*\)[ 	][ 	]*\([_A-Za-z][_A-Za-z0-9]*\)$/\1 \2 \2/p' \> conftest.nm
configure:5831: $? = 0
cannot find nm_test_var in conftest.nm
configure:5821: cc -c -g  -O0  conftest.c >&5
configure:5824: $? = 0
configure:5828: /usr/bin/nm conftest.o \| sed -n -e 's/^.*[ 	]\([BCDEGRST][BCDEGRST]*\)[ 	][ 	]*_\([_A-Za-z][_A-Za-z0-9]*\)$/\1 _\2 \2/p' \> conftest.nm
configure:5831: $? = 0
configure:5883: cc -o conftest -g  -O0   conftest.c conftstm.o >&5
configure:5886: $? = 0
configure:5924: result: ok
configure:5928: checking for objdir
configure:5943: result: .libs
configure:6035: checking for ar
configure:6051: found /usr/bin/ar
configure:6062: result: ar
configure:6127: checking for ranlib
configure:6143: found /usr/bin/ranlib
configure:6154: result: ranlib
configure:6219: checking for strip
configure:6235: found /usr/bin/strip
configure:6246: result: strip
configure:6499: checking for dsymutil
configure:6515: found /usr/bin/dsymutil
configure:6526: result: dsymutil
configure:6591: checking for nmedit
configure:6607: found /usr/bin/nmedit
configure:6618: result: nmedit
configure:6641: checking for -single_module linker flag
configure:6662: result: yes
configure:6664: checking for -exported_symbols_list linker flag
configure:6680: cc -o conftest -g  -O0   -Wl,-exported_symbols_list,conftest.sym conftest.c  >&5
configure:6683: $? = 0
configure:6697: result: yes
configure:6815: checking if cc supports -fno-rtti -fno-exceptions
configure:6833: cc -c -g  -O0  -fno-rtti -fno-exceptions conftest.c >&5
configure:6837: $? = 0
configure:6850: result: yes
configure:6865: checking for cc option to produce PIC
configure:7105: result: -fno-common
configure:7113: checking if cc PIC flag -fno-common works
configure:7131: cc -c -g  -O0  -fno-common -DPIC conftest.c >&5
configure:7135: $? = 0
configure:7148: result: yes
configure:7176: checking if cc static flag -static works
configure:7204: result: no
configure:7214: checking if cc supports -c -o file.o
configure:7235: cc -c -g  -O0  -o out/conftest2.o conftest.c >&5
configure:7239: $? = 0
configure:7261: result: yes
configure:7287: checking whether the cc linker (/Applications/Xcode.app/Contents/Developer/Toolchains/XcodeDefault.xctoolchain/usr/bin/ld) supports shared libraries
configure:8215: result: yes
configure:8282: checking dynamic linker characteristics
configure:8880: result: darwin13.4.0 dyld
configure:8904: checking how to hardcode library paths into programs
configure:8929: result: immediate
configure:8943: checking whether stripping libraries is possible
configure:8957: result: yes
configure:9465: checking if libtool supports shared libraries
configure:9467: result: yes
configure:9470: checking whether to build shared libraries
configure:9491: result: yes
configure:9494: checking whether to build static libraries
configure:9498: result: no
configure:9593: result:
creating libtool
configure:13292: creating ./config.status

## ---------------------- ##
## Running config.status. ##
## ---------------------- ##

This file was extended by config.status, which was
generated by GNU Autoconf 2.69.  Invocation command line was

  CONFIG_FILES    = 
  CONFIG_HEADERS  = 
  CONFIG_LINKS    = 
  CONFIG_COMMANDS = 
  $ ./config.status 

on kentchentekiiMac-23868.local

config.status:677: creating config.h
config.status:767: config.h is unchanged

## ---------------- ##
## Cache variables. ##
## ---------------- ##

ac_cv_build=x86_64-apple-darwin13.4.0
ac_cv_c_compiler_gnu=yes
ac_cv_env_CC_set=
ac_cv_env_CC_value=
ac_cv_env_CFLAGS_set=
ac_cv_env_CFLAGS_value=
ac_cv_env_CPPFLAGS_set=
ac_cv_env_CPPFLAGS_value=
ac_cv_env_CPP_set=
ac_cv_env_CPP_value=
ac_cv_env_LDFLAGS_set=
ac_cv_env_LDFLAGS_value=
ac_cv_env_LIBS_set=
ac_cv_env_LIBS_value=
ac_cv_env_build_alias_set=
ac_cv_env_build_alias_value=
ac_cv_env_host_alias_set=
ac_cv_env_host_alias_value=
ac_cv_env_target_alias_set=
ac_cv_env_target_alias_value=
ac_cv_header_dlfcn_h=yes
ac_cv_header_inttypes_h=yes
ac_cv_header_memory_h=yes
ac_cv_header_stdc=yes
ac_cv_header_stdint_h=yes
ac_cv_header_stdlib_h=yes
ac_cv_header_string_h=yes
ac_cv_header_strings_h=yes
ac_cv_header_sys_stat_h=yes
ac_cv_header_sys_types_h=yes
ac_cv_header_unistd_h=yes
ac_cv_host=x86_64-apple-darwin13.4.0
ac_cv_lib_curl___curl_version=yes
ac_cv_objext=o
ac_cv_path_EGREP='/usr/bin/grep -E'
ac_cv_path_GREP=/usr/bin/grep
ac_cv_prog_AWK=awk
ac_cv_prog_CPP='cc -E'
ac_cv_prog_ac_ct_AR=ar
ac_cv_prog_ac_ct_CC=cc
ac_cv_prog_ac_ct_DSYMUTIL=dsymutil
ac_cv_prog_ac_ct_NMEDIT=nmedit
ac_cv_prog_ac_ct_RANLIB=ranlib
ac_cv_prog_ac_ct_STRIP=strip
ac_cv_prog_cc_c89=
ac_cv_prog_cc_cc_c_o=yes
ac_cv_prog_cc_g=yes
ac_cv_target=x86_64-apple-darwin13.4.0
lt_cv_apple_cc_single_mod=yes
lt_cv_deplibs_check_method=pass_all
lt_cv_file_magic_cmd='$MAGIC_CMD'
lt_cv_file_magic_test_file=
lt_cv_ld_exported_symbols_list=yes
lt_cv_ld_reload_flag=-r
lt_cv_objdir=.libs
lt_cv_path_LD=/Applications/Xcode.app/Contents/Developer/Toolchains/XcodeDefault.xctoolchain/usr/bin/ld
lt_cv_path_NM=/usr/bin/nm
lt_cv_path_SED=/usr/bin/sed
lt_cv_prog_compiler_c_o=yes
lt_cv_prog_compiler_pic_works=yes
lt_cv_prog_compiler_rtti_exceptions=yes
lt_cv_prog_compiler_static_works=no
lt_cv_prog_gnu_ld=no
lt_cv_sys_global_symbol_pipe='sed -n -e '\''s/^.*[ 	]\([BCDEGRST][BCDEGRST]*\)[ 	][ 	]*_\([_A-Za-z][_A-Za-z0-9]*\)$/\1 _\2 \2/p'\'''
lt_cv_sys_global_symbol_to_c_name_address='sed -n -e '\''s/^: \([^ ]*\) $/  {\"\1\", (lt_ptr) 0},/p'\'' -e '\''s/^[BCDEGRST] \([^ ]*\) \([^ ]*\)$/  {"\2", (lt_ptr) \&\2},/p'\'''
lt_cv_sys_global_symbol_to_cdecl='sed -n -e '\''s/^. .* \(.*\)$/extern int \1;/p'\'''
lt_cv_sys_lib_dlsearch_path_spec='/usr/local/lib /lib /usr/lib'
lt_cv_sys_lib_search_path_spec='/Applications/Xcode.app/Contents/Developer/Toolchains/XcodeDefault.xctoolchain/usr/lib/clang/6.0 /usr/local/lib'
lt_cv_sys_max_cmd_len=196608
lt_lt_cv_prog_compiler_c_o='"yes"'
lt_lt_cv_sys_global_symbol_pipe='"sed -n -e '\''s/^.*[ 	]\\([BCDEGRST][BCDEGRST]*\\)[ 	][ 	]*_\\([_A-Za-z][_A-Za-z0-9]*\\)\$/\\1 _\\2 \\2/p'\''"'
lt_lt_cv_sys_global_symbol_to_c_name_address='"sed -n -e '\''s/^: \\([^ ]*\\) \$/  {\\\"\\1\\\", (lt_ptr) 0},/p'\'' -e '\''s/^[BCDEGRST] \\([^ ]*\\) \\([^ ]*\\)\$/  {\"\\2\", (lt_ptr) \\&\\2},/p'\''"'
lt_lt_cv_sys_global_symbol_to_cdecl='"sed -n -e '\''s/^. .* \\(.*\\)\$/extern int \\1;/p'\''"'
php_cv_cc_dashr=no
php_cv_cc_rpath=yes

## ----------------- ##
## Output variables. ##
## ----------------- ##

AR='ar'
AWK='awk'
CC='cc'
CFLAGS='-g  -O0'
CONFIGURE_COMMAND=' '\''./configure'\''  '\''--with-php-config=/opt/php-debug/bin/php-config'\'''
CONFIGURE_OPTIONS=' '\''--with-php-config=/opt/php-debug/bin/php-config'\'''
CPP='cc -E'
CPPFLAGS=' -DHAVE_CONFIG_H'
DEFS='-DHAVE_CONFIG_H'
DSYMUTIL='dsymutil'
ECHO='/bin/echo'
ECHO_C='\c'
ECHO_N=''
ECHO_T=''
EGREP='/usr/bin/grep -E'
EXEEXT=''
GREP='/usr/bin/grep'
LDFLAGS=''
LIBOBJS=''
LIBS=''
LIBTOOL='$(SHELL) $(top_builddir)/libtool'
LN_S='ln -s'
LTLIBOBJS=''
NMEDIT='nmedit'
OBJEXT='o'
PACKAGE_BUGREPORT=''
PACKAGE_NAME=''
PACKAGE_STRING=''
PACKAGE_TARNAME=''
PACKAGE_URL=''
PACKAGE_VERSION=''
PATH_SEPARATOR=':'
RANLIB='ranlib'
RE2C='exit 0;'
SED='/usr/bin/sed'
SHELL='/bin/sh'
SHLIB_DL_SUFFIX_NAME='so'
SHLIB_SUFFIX_NAME='dylib'
STRIP='strip'
ac_ct_CC='cc'
bindir='${exec_prefix}/bin'
build='x86_64-apple-darwin13.4.0'
build_alias=''
build_cpu='x86_64'
build_os='darwin13.4.0'
build_vendor='apple'
datadir='${datarootdir}'
datarootdir='${prefix}/share'
docdir='${datarootdir}/doc/${PACKAGE}'
dvidir='${docdir}'
exec_prefix='$(prefix)'
host='x86_64-apple-darwin13.4.0'
host_alias='x86_64-apple-darwin13.4.0'
host_cpu='x86_64'
host_os='darwin13.4.0'
host_vendor='apple'
htmldir='${docdir}'
includedir='${prefix}/include'
infodir='${datarootdir}/info'
libdir='${exec_prefix}/lib'
libexecdir='${exec_prefix}/libexec'
localedir='${datarootdir}/locale'
localstatedir='${prefix}/var'
mandir='${datarootdir}/man'
oldincludedir='/usr/include'
pdfdir='${docdir}'
prefix='/opt/php-debug'
program_transform_name='s,x,x,'
psdir='${docdir}'
sbindir='${exec_prefix}/sbin'
sharedstatedir='${prefix}/com'
sysconfdir='${prefix}/etc'
target='x86_64-apple-darwin13.4.0'
target_alias=''
target_cpu='x86_64'
target_os='darwin13.4.0'
target_vendor='apple'

## ----------- ##
## confdefs.h. ##
## ----------- ##

/* confdefs.h */
#define PACKAGE_NAME ""
#define PACKAGE_TARNAME ""
#define PACKAGE_VERSION ""
#define PACKAGE_STRING ""
#define PACKAGE_BUGREPORT ""
#define PACKAGE_URL ""
#define HAVE_LIBSLIB 1
#define COMPILE_DL_LIBS 1
#define STDC_HEADERS 1
#define HAVE_SYS_TYPES_H 1
#define HAVE_SYS_STAT_H 1
#define HAVE_STDLIB_H 1
#define HAVE_STRING_H 1
#define HAVE_MEMORY_H 1
#define HAVE_STRINGS_H 1
#define HAVE_INTTYPES_H 1
#define HAVE_STDINT_H 1
#define HAVE_UNISTD_H 1
#define HAVE_DLFCN_H 1

configure: exit 0
