This file contains any messages produced by compilers while
running configure, to aid debugging if configure makes a mistake.

It was created by configure, which was
generated by GNU Autoconf 2.69.  Invocation command line was

  $ ./configure --with-php-config=php-config

## --------- ##
## Platform. ##
## --------- ##

hostname = kentchentekiiMac-23868.local
uname -m = x86_64
uname -r = 13.4.0
uname -s = Darwin
uname -v = Darwin Kernel Version 13.4.0: Sun Aug 17 19:50:11 PDT 2014; root:xnu-2422.115.4~1/RELEASE_X86_64

/usr/bin/uname -p = i386
/bin/uname -X     = unknown

/bin/arch              = unknown
/usr/bin/arch -k       = unknown
/usr/convex/getsysinfo = unknown
/usr/bin/hostinfo      = Mach kernel version:
	 Darwin Kernel Version 13.4.0: Sun Aug 17 19:50:11 PDT 2014; root:xnu-2422.115.4~1/RELEASE_X86_64
Kernel configured for up to 4 processors.
4 processors are physically available.
4 processors are logically available.
Processor type: i486 (Intel 80486)
Processors active: 0 1 2 3
Primary memory available: 8.00 gigabytes
Default processor set: 224 tasks, 1116 threads, 4 processors
Load average: 2.48, Mach factor: 1.60
/bin/machine           = unknown
/usr/bin/oslevel       = unknown
/bin/universe          = unknown

PATH: /usr/local/opt/php55/bin
PATH: /usr/local/go/bin
PATH: /Users/kentchen/golang/bin
PATH: /usr/local/bin
PATH: /usr/local/sbin
PATH: /bin
PATH: /usr/local/go/bin
PATH: /Users/kentchen/golang/bin
PATH: /usr/local/bin
PATH: /usr/local/sbin
PATH: /usr/local/go/bin
PATH: /Users/kentchen/golang/bin
PATH: /usr/local/bin
PATH: /usr/local/sbin
PATH: /usr/bin
PATH: /bin
PATH: /usr/sbin
PATH: /sbin
PATH: /usr/local/bin
PATH: /opt/X11/bin
PATH: /usr/local/go/bin
PATH: /Users/kentchen/Documents/Android_SDK/platform-tools
PATH: /Users/kentchen/Documents/Android_SDK/tools
PATH: /Users/kentchen/Documents/Android_NDK
PATH: /Users/kentchen/Documents/Soft/Apache/gradle-2.1/bin
PATH: /Users/kentchen/.composer/vendor/bin
PATH: /Users/kentchen/Documents/Android_SDK/platform-tools
PATH: /Users/kentchen/Documents/Android_SDK/tools
PATH: /Users/kentchen/Documents/Android_NDK
PATH: /Users/kentchen/Documents/Soft/Apache/gradle-2.1/bin
PATH: /Users/kentchen/.composer/vendor/bin
PATH: /Users/kentchen/Documents/Android_SDK/platform-tools
PATH: /Users/kentchen/Documents/Android_SDK/tools
PATH: /Users/kentchen/Documents/Android_NDK
PATH: /Users/kentchen/Documents/Soft/Apache/gradle-2.1/bin
PATH: /Users/kentchen/.composer/vendor/bin


## ----------- ##
## Core tests. ##
## ----------- ##

configure:2294: checking for grep that handles long lines and -e
configure:2352: result: /usr/bin/grep
configure:2357: checking for egrep
configure:2419: result: /usr/bin/grep -E
configure:2424: checking for a sed that does not truncate output
configure:2478: result: /usr/bin/sed
configure:2610: checking for cc
configure:2626: found /usr/bin/cc
configure:2637: result: cc
configure:2668: checking for C compiler version
configure:2677: cc --version >&5
Apple LLVM version 6.0 (clang-600.0.56) (based on LLVM 3.5svn)
Target: x86_64-apple-darwin13.4.0
Thread model: posix
configure:2688: $? = 0
configure:2677: cc -v >&5
Apple LLVM version 6.0 (clang-600.0.56) (based on LLVM 3.5svn)
Target: x86_64-apple-darwin13.4.0
Thread model: posix
configure:2688: $? = 0
configure:2677: cc -V >&5
clang: error: argument to '-V' is missing (expected 1 value)
clang: error: no input files
configure:2688: $? = 1
configure:2677: cc -qversion >&5
clang: error: unknown argument: '-qversion'
clang: error: no input files
configure:2688: $? = 1
configure:2708: checking whether the C compiler works
configure:2730: cc    conftest.c  >&5
configure:2734: $? = 0
configure:2782: result: yes
configure:2785: checking for C compiler default output file name
configure:2787: result: a.out
configure:2793: checking for suffix of executables
configure:2800: cc -o conftest    conftest.c  >&5
configure:2804: $? = 0
configure:2826: result: 
configure:2848: checking whether we are cross compiling
configure:2856: cc -o conftest    conftest.c  >&5
configure:2860: $? = 0
configure:2867: ./conftest
configure:2871: $? = 0
configure:2886: result: no
configure:2891: checking for suffix of object files
configure:2913: cc -c   conftest.c >&5
configure:2917: $? = 0
configure:2938: result: o
configure:2942: checking whether we are using the GNU C compiler
configure:2961: cc -c   conftest.c >&5
configure:2961: $? = 0
configure:2970: result: yes
configure:2979: checking whether cc accepts -g
configure:2999: cc -c -g  conftest.c >&5
configure:2999: $? = 0
configure:3040: result: yes
configure:3057: checking for cc option to accept ISO C89
configure:3120: cc  -c -g -O2  conftest.c >&5
configure:3120: $? = 0
configure:3133: result: none needed
configure:3159: checking how to run the C preprocessor
configure:3190: cc -E  conftest.c
configure:3190: $? = 0
configure:3204: cc -E  conftest.c
conftest.c:9:10: fatal error: 'ac_nonexistent.h' file not found
#include <ac_nonexistent.h>
         ^
1 error generated.
configure:3204: $? = 1
configure: failed program was:
| /* confdefs.h */
| #define PACKAGE_NAME ""
| #define PACKAGE_TARNAME ""
| #define PACKAGE_VERSION ""
| #define PACKAGE_STRING ""
| #define PACKAGE_BUGREPORT ""
| #define PACKAGE_URL ""
| /* end confdefs.h.  */
| #include <ac_nonexistent.h>
configure:3229: result: cc -E
configure:3249: cc -E  conftest.c
configure:3249: $? = 0
configure:3263: cc -E  conftest.c
conftest.c:9:10: fatal error: 'ac_nonexistent.h' file not found
#include <ac_nonexistent.h>
         ^
1 error generated.
configure:3263: $? = 1
configure: failed program was:
| /* confdefs.h */
| #define PACKAGE_NAME ""
| #define PACKAGE_TARNAME ""
| #define PACKAGE_VERSION ""
| #define PACKAGE_STRING ""
| #define PACKAGE_BUGREPORT ""
| #define PACKAGE_URL ""
| /* end confdefs.h.  */
| #include <ac_nonexistent.h>
configure:3294: checking for icc
configure:3303: result: no
configure:3317: checking for suncc
configure:3326: result: no
configure:3344: checking whether cc understands -c and -o together
configure:3372: cc -c conftest.c -o conftest2.o >&5
configure:3376: $? = 0
configure:3382: cc -c conftest.c -o conftest2.o >&5
configure:3386: $? = 0
configure:3441: result: yes
configure:3455: checking for system library directory
configure:3470: result: lib
configure:3477: checking if compiler supports -R
configure:3496: cc -o conftest -g -O2   conftest.c -R /usr/lib  >&5
clang: warning: argument unused during compilation: '-R'
ld: can't map file, errno=22 file '/usr/lib' for architecture x86_64
clang: error: linker command failed with exit code 1 (use -v to see invocation)
configure:3496: $? = 1
configure: failed program was:
| /* confdefs.h */
| #define PACKAGE_NAME ""
| #define PACKAGE_TARNAME ""
| #define PACKAGE_VERSION ""
| #define PACKAGE_STRING ""
| #define PACKAGE_BUGREPORT ""
| #define PACKAGE_URL ""
| /* end confdefs.h.  */
| 
| int
| main ()
| {
| 
|   ;
|   return 0;
| }
configure:3506: result: no
configure:3511: checking if compiler supports -Wl,-rpath,
configure:3530: cc -o conftest -g -O2   conftest.c -Wl,-rpath,/usr/lib  >&5
configure:3530: $? = 0
configure:3540: result: yes
configure:3585: checking build system type
configure:3599: result: x86_64-apple-darwin13.4.0
configure:3619: checking host system type
configure:3632: result: x86_64-apple-darwin13.4.0
configure:3652: checking target system type
configure:3665: result: x86_64-apple-darwin13.4.0
configure:3768: checking for PHP prefix
configure:3770: result: /usr/local/Cellar/php55/5.5.20
configure:3772: checking for PHP includes
configure:3774: result: -I/usr/local/Cellar/php55/5.5.20/include/php -I/usr/local/Cellar/php55/5.5.20/include/php/main -I/usr/local/Cellar/php55/5.5.20/include/php/TSRM -I/usr/local/Cellar/php55/5.5.20/include/php/Zend -I/usr/local/Cellar/php55/5.5.20/include/php/ext -I/usr/local/Cellar/php55/5.5.20/include/php/ext/date/lib
configure:3776: checking for PHP extension directory
configure:3778: result: /usr/local/Cellar/php55/5.5.20/lib/php/extensions/no-debug-non-zts-20121212
configure:3780: checking for PHP installed headers prefix
configure:3782: result: /usr/local/Cellar/php55/5.5.20/include/php
configure:3785: checking if debug is enabled
configure:3811: result: no
configure:3814: checking if zts is enabled
configure:3840: result: no
configure:3911: checking for re2c
configure:3941: result: no
configure:3966: WARNING: You will need re2c 0.13.4 or later if you want to regenerate PHP parsers.
configure:3980: checking for gawk
configure:4011: result: no
configure:3980: checking for nawk
configure:4011: result: no
configure:3980: checking for awk
configure:3997: found /usr/bin/awk
configure:4008: result: awk
configure:4031: checking if awk is broken
configure:4038: result: no
configure:4051: checking whether to enable inis support
configure:4090: result: yes, shared
configure:4485: checking for ld used by cc
configure:4552: result: /Applications/Xcode.app/Contents/Developer/Toolchains/XcodeDefault.xctoolchain/usr/bin/ld
configure:4559: checking if the linker (/Applications/Xcode.app/Contents/Developer/Toolchains/XcodeDefault.xctoolchain/usr/bin/ld) is GNU ld
configure:4574: result: no
configure:4579: checking for /Applications/Xcode.app/Contents/Developer/Toolchains/XcodeDefault.xctoolchain/usr/bin/ld option to reload object files
configure:4586: result: -r
configure:4604: checking for BSD-compatible nm
configure:4653: result: /usr/bin/nm
configure:4657: checking whether ln -s works
configure:4661: result: yes
configure:4668: checking how to recognize dependent libraries
configure:4854: result: pass_all
configure:5072: checking for ANSI C header files
configure:5092: cc -c -g -O2  conftest.c >&5
configure:5092: $? = 0
configure:5165: cc -o conftest -g -O2   conftest.c  >&5
configure:5165: $? = 0
configure:5165: ./conftest
configure:5165: $? = 0
configure:5176: result: yes
configure:5189: checking for sys/types.h
configure:5189: cc -c -g -O2  conftest.c >&5
configure:5189: $? = 0
configure:5189: result: yes
configure:5189: checking for sys/stat.h
configure:5189: cc -c -g -O2  conftest.c >&5
configure:5189: $? = 0
configure:5189: result: yes
configure:5189: checking for stdlib.h
configure:5189: cc -c -g -O2  conftest.c >&5
configure:5189: $? = 0
configure:5189: result: yes
configure:5189: checking for string.h
configure:5189: cc -c -g -O2  conftest.c >&5
configure:5189: $? = 0
configure:5189: result: yes
configure:5189: checking for memory.h
configure:5189: cc -c -g -O2  conftest.c >&5
configure:5189: $? = 0
configure:5189: result: yes
configure:5189: checking for strings.h
configure:5189: cc -c -g -O2  conftest.c >&5
configure:5189: $? = 0
configure:5189: result: yes
configure:5189: checking for inttypes.h
configure:5189: cc -c -g -O2  conftest.c >&5
configure:5189: $? = 0
configure:5189: result: yes
configure:5189: checking for stdint.h
configure:5189: cc -c -g -O2  conftest.c >&5
configure:5189: $? = 0
configure:5189: result: yes
configure:5189: checking for unistd.h
configure:5189: cc -c -g -O2  conftest.c >&5
configure:5189: $? = 0
configure:5189: result: yes
configure:5203: checking dlfcn.h usability
configure:5203: cc -c -g -O2  conftest.c >&5
configure:5203: $? = 0
configure:5203: result: yes
configure:5203: checking dlfcn.h presence
configure:5203: cc -E  conftest.c
configure:5203: $? = 0
configure:5203: result: yes
configure:5203: checking for dlfcn.h
configure:5203: result: yes
configure:5225: checking the maximum length of command line arguments
configure:5337: result: 196608
configure:5349: checking command to parse /usr/bin/nm output from cc object
configure:5454: cc -c -g -O2  conftest.c >&5
configure:5457: $? = 0
configure:5461: /usr/bin/nm conftest.o \| sed -n -e 's/^.*[ 	]\([BCDEGRST][BCDEGRST]*\)[ 	][ 	]*\([_A-Za-z][_A-Za-z0-9]*\)$/\1 \2 \2/p' \> conftest.nm
configure:5464: $? = 0
cannot find nm_test_var in conftest.nm
configure:5454: cc -c -g -O2  conftest.c >&5
configure:5457: $? = 0
configure:5461: /usr/bin/nm conftest.o \| sed -n -e 's/^.*[ 	]\([BCDEGRST][BCDEGRST]*\)[ 	][ 	]*_\([_A-Za-z][_A-Za-z0-9]*\)$/\1 _\2 \2/p' \> conftest.nm
configure:5464: $? = 0
configure:5516: cc -o conftest -g -O2   conftest.c conftstm.o >&5
configure:5519: $? = 0
configure:5557: result: ok
configure:5561: checking for objdir
configure:5576: result: .libs
configure:5668: checking for ar
configure:5684: found /usr/bin/ar
configure:5695: result: ar
configure:5760: checking for ranlib
configure:5776: found /usr/bin/ranlib
configure:5787: result: ranlib
configure:5852: checking for strip
configure:5868: found /usr/bin/strip
configure:5879: result: strip
configure:6132: checking for dsymutil
configure:6148: found /usr/bin/dsymutil
configure:6159: result: dsymutil
configure:6224: checking for nmedit
configure:6240: found /usr/bin/nmedit
configure:6251: result: nmedit
configure:6274: checking for -single_module linker flag
configure:6295: result: yes
configure:6297: checking for -exported_symbols_list linker flag
configure:6313: cc -o conftest -g -O2   -Wl,-exported_symbols_list,conftest.sym conftest.c  >&5
configure:6316: $? = 0
configure:6330: result: yes
configure:6448: checking if cc supports -fno-rtti -fno-exceptions
configure:6466: cc -c -g -O2  -fno-rtti -fno-exceptions conftest.c >&5
configure:6470: $? = 0
configure:6483: result: yes
configure:6498: checking for cc option to produce PIC
configure:6738: result: -fno-common
configure:6746: checking if cc PIC flag -fno-common works
configure:6764: cc -c -g -O2  -fno-common -DPIC conftest.c >&5
configure:6768: $? = 0
configure:6781: result: yes
configure:6809: checking if cc static flag -static works
configure:6837: result: no
configure:6847: checking if cc supports -c -o file.o
configure:6868: cc -c -g -O2  -o out/conftest2.o conftest.c >&5
configure:6872: $? = 0
configure:6894: result: yes
configure:6920: checking whether the cc linker (/Applications/Xcode.app/Contents/Developer/Toolchains/XcodeDefault.xctoolchain/usr/bin/ld) supports shared libraries
configure:7848: result: yes
configure:7915: checking dynamic linker characteristics
configure:8513: result: darwin13.4.0 dyld
configure:8537: checking how to hardcode library paths into programs
configure:8562: result: immediate
configure:8576: checking whether stripping libraries is possible
configure:8590: result: yes
configure:9098: checking if libtool supports shared libraries
configure:9100: result: yes
configure:9103: checking whether to build shared libraries
configure:9124: result: yes
configure:9127: checking whether to build static libraries
configure:9131: result: no
configure:9226: result:
creating libtool
configure:12925: creating ./config.status

## ---------------------- ##
## Running config.status. ##
## ---------------------- ##

This file was extended by config.status, which was
generated by GNU Autoconf 2.69.  Invocation command line was

  CONFIG_FILES    = 
  CONFIG_HEADERS  = 
  CONFIG_LINKS    = 
  CONFIG_COMMANDS = 
  $ ./config.status 

on kentchentekiiMac-23868.local

config.status:676: creating config.h

## ---------------- ##
## Cache variables. ##
## ---------------- ##

ac_cv_build=x86_64-apple-darwin13.4.0
ac_cv_c_compiler_gnu=yes
ac_cv_env_CC_set=
ac_cv_env_CC_value=
ac_cv_env_CFLAGS_set=
ac_cv_env_CFLAGS_value=
ac_cv_env_CPPFLAGS_set=
ac_cv_env_CPPFLAGS_value=
ac_cv_env_CPP_set=
ac_cv_env_CPP_value=
ac_cv_env_LDFLAGS_set=
ac_cv_env_LDFLAGS_value=
ac_cv_env_LIBS_set=
ac_cv_env_LIBS_value=
ac_cv_env_build_alias_set=
ac_cv_env_build_alias_value=
ac_cv_env_host_alias_set=
ac_cv_env_host_alias_value=
ac_cv_env_target_alias_set=
ac_cv_env_target_alias_value=
ac_cv_header_dlfcn_h=yes
ac_cv_header_inttypes_h=yes
ac_cv_header_memory_h=yes
ac_cv_header_stdc=yes
ac_cv_header_stdint_h=yes
ac_cv_header_stdlib_h=yes
ac_cv_header_string_h=yes
ac_cv_header_strings_h=yes
ac_cv_header_sys_stat_h=yes
ac_cv_header_sys_types_h=yes
ac_cv_header_unistd_h=yes
ac_cv_host=x86_64-apple-darwin13.4.0
ac_cv_objext=o
ac_cv_path_EGREP='/usr/bin/grep -E'
ac_cv_path_GREP=/usr/bin/grep
ac_cv_prog_AWK=awk
ac_cv_prog_CPP='cc -E'
ac_cv_prog_ac_ct_AR=ar
ac_cv_prog_ac_ct_CC=cc
ac_cv_prog_ac_ct_DSYMUTIL=dsymutil
ac_cv_prog_ac_ct_NMEDIT=nmedit
ac_cv_prog_ac_ct_RANLIB=ranlib
ac_cv_prog_ac_ct_STRIP=strip
ac_cv_prog_cc_c89=
ac_cv_prog_cc_cc_c_o=yes
ac_cv_prog_cc_g=yes
ac_cv_target=x86_64-apple-darwin13.4.0
lt_cv_apple_cc_single_mod=yes
lt_cv_deplibs_check_method=pass_all
lt_cv_file_magic_cmd='$MAGIC_CMD'
lt_cv_file_magic_test_file=
lt_cv_ld_exported_symbols_list=yes
lt_cv_ld_reload_flag=-r
lt_cv_objdir=.libs
lt_cv_path_LD=/Applications/Xcode.app/Contents/Developer/Toolchains/XcodeDefault.xctoolchain/usr/bin/ld
lt_cv_path_NM=/usr/bin/nm
lt_cv_path_SED=/usr/bin/sed
lt_cv_prog_compiler_c_o=yes
lt_cv_prog_compiler_pic_works=yes
lt_cv_prog_compiler_rtti_exceptions=yes
lt_cv_prog_compiler_static_works=no
lt_cv_prog_gnu_ld=no
lt_cv_sys_global_symbol_pipe='sed -n -e '\''s/^.*[ 	]\([BCDEGRST][BCDEGRST]*\)[ 	][ 	]*_\([_A-Za-z][_A-Za-z0-9]*\)$/\1 _\2 \2/p'\'''
lt_cv_sys_global_symbol_to_c_name_address='sed -n -e '\''s/^: \([^ ]*\) $/  {\"\1\", (lt_ptr) 0},/p'\'' -e '\''s/^[BCDEGRST] \([^ ]*\) \([^ ]*\)$/  {"\2", (lt_ptr) \&\2},/p'\'''
lt_cv_sys_global_symbol_to_cdecl='sed -n -e '\''s/^. .* \(.*\)$/extern int \1;/p'\'''
lt_cv_sys_lib_dlsearch_path_spec='/usr/local/lib /lib /usr/lib'
lt_cv_sys_lib_search_path_spec='/Applications/Xcode.app/Contents/Developer/Toolchains/XcodeDefault.xctoolchain/usr/lib/clang/6.0 /usr/local/lib'
lt_cv_sys_max_cmd_len=196608
lt_lt_cv_prog_compiler_c_o='"yes"'
lt_lt_cv_sys_global_symbol_pipe='"sed -n -e '\''s/^.*[ 	]\\([BCDEGRST][BCDEGRST]*\\)[ 	][ 	]*_\\([_A-Za-z][_A-Za-z0-9]*\\)\$/\\1 _\\2 \\2/p'\''"'
lt_lt_cv_sys_global_symbol_to_c_name_address='"sed -n -e '\''s/^: \\([^ ]*\\) \$/  {\\\"\\1\\\", (lt_ptr) 0},/p'\'' -e '\''s/^[BCDEGRST] \\([^ ]*\\) \\([^ ]*\\)\$/  {\"\\2\", (lt_ptr) \\&\\2},/p'\''"'
lt_lt_cv_sys_global_symbol_to_cdecl='"sed -n -e '\''s/^. .* \\(.*\\)\$/extern int \\1;/p'\''"'
php_cv_cc_dashr=no
php_cv_cc_rpath=yes

## ----------------- ##
## Output variables. ##
## ----------------- ##

AR='ar'
AWK='awk'
CC='cc'
CFLAGS='-g -O2'
CONFIGURE_COMMAND=' '\''./configure'\''  '\''--with-php-config=php-config'\'''
CONFIGURE_OPTIONS=' '\''--with-php-config=php-config'\'''
CPP='cc -E'
CPPFLAGS=' -DHAVE_CONFIG_H'
DEFS='-DHAVE_CONFIG_H'
DSYMUTIL='dsymutil'
ECHO='/bin/echo'
ECHO_C='\c'
ECHO_N=''
ECHO_T=''
EGREP='/usr/bin/grep -E'
EXEEXT=''
GREP='/usr/bin/grep'
LDFLAGS=''
LIBOBJS=''
LIBS=''
LIBTOOL='$(SHELL) $(top_builddir)/libtool'
LN_S='ln -s'
LTLIBOBJS=''
NMEDIT='nmedit'
OBJEXT='o'
PACKAGE_BUGREPORT=''
PACKAGE_NAME=''
PACKAGE_STRING=''
PACKAGE_TARNAME=''
PACKAGE_URL=''
PACKAGE_VERSION=''
PATH_SEPARATOR=':'
RANLIB='ranlib'
RE2C='exit 0;'
SED='/usr/bin/sed'
SHELL='/bin/sh'
SHLIB_DL_SUFFIX_NAME='so'
SHLIB_SUFFIX_NAME='dylib'
STRIP='strip'
ac_ct_CC='cc'
bindir='${exec_prefix}/bin'
build='x86_64-apple-darwin13.4.0'
build_alias=''
build_cpu='x86_64'
build_os='darwin13.4.0'
build_vendor='apple'
datadir='${datarootdir}'
datarootdir='${prefix}/share'
docdir='${datarootdir}/doc/${PACKAGE}'
dvidir='${docdir}'
exec_prefix='$(prefix)'
host='x86_64-apple-darwin13.4.0'
host_alias='x86_64-apple-darwin13.4.0'
host_cpu='x86_64'
host_os='darwin13.4.0'
host_vendor='apple'
htmldir='${docdir}'
includedir='${prefix}/include'
infodir='${datarootdir}/info'
libdir='${exec_prefix}/lib'
libexecdir='${exec_prefix}/libexec'
localedir='${datarootdir}/locale'
localstatedir='${prefix}/var'
mandir='${datarootdir}/man'
oldincludedir='/usr/include'
pdfdir='${docdir}'
prefix='/usr/local/Cellar/php55/5.5.20'
program_transform_name='s,x,x,'
psdir='${docdir}'
sbindir='${exec_prefix}/sbin'
sharedstatedir='${prefix}/com'
sysconfdir='${prefix}/etc'
target='x86_64-apple-darwin13.4.0'
target_alias=''
target_cpu='x86_64'
target_os='darwin13.4.0'
target_vendor='apple'

## ----------- ##
## confdefs.h. ##
## ----------- ##

/* confdefs.h */
#define PACKAGE_NAME ""
#define PACKAGE_TARNAME ""
#define PACKAGE_VERSION ""
#define PACKAGE_STRING ""
#define PACKAGE_BUGREPORT ""
#define PACKAGE_URL ""
#define COMPILE_DL_INIS 1
#define STDC_HEADERS 1
#define HAVE_SYS_TYPES_H 1
#define HAVE_SYS_STAT_H 1
#define HAVE_STDLIB_H 1
#define HAVE_STRING_H 1
#define HAVE_MEMORY_H 1
#define HAVE_STRINGS_H 1
#define HAVE_INTTYPES_H 1
#define HAVE_STDINT_H 1
#define HAVE_UNISTD_H 1
#define HAVE_DLFCN_H 1

configure: exit 0
